<?xml version="1.0" encoding="UTF-8"?>
<!-- Generated by org.testng.reporters.JUnitReportReporter -->
<testsuite skipped="0" hostname="evAbhijit" name="Basic.MyFirstScript" tests="1" failures="0" timestamp="2020-01-16T16:43:27 IST" time="29.880" errors="0">
  <testcase name="test" time="29.880" classname="Basic.MyFirstScript"/>
</testsuite> <!-- Basic.MyFirstScript -->
